{:timestamp=>"2014-08-27T17:19:39.340000+0000", :message=>"Reading config file", :file=>"logstash/agent.rb", :level=>:debug, :line=>"301"}
{:timestamp=>"2014-08-27T17:19:39.452000+0000", :message=>"Compiled pipeline code:\n@inputs = []\n@filters = []\n@outputs = []\n@input_file_1 = plugin(\"input\", \"file\", LogStash::Util.hash_merge_many({ \"path\" => (\"/home/vagrant/*.log\".force_encoding(\"UTF-8\")) }, { \"start_position\" => (\"beginning\".force_encoding(\"UTF-8\")) }, { \"sincedb_write_interval\" => 1 }))\n\n@inputs << @input_file_1\n\n@output_stdout_2 = plugin(\"output\", \"stdout\", LogStash::Util.hash_merge_many({ \"codec\" => (\"rubydebug\".force_encoding(\"UTF-8\")) }))\n\n@outputs << @output_stdout_2\n  @filter_func = lambda do |event, &block|\n    extra_events = []\n    @logger.debug? && @logger.debug(\"filter received\", :event => event.to_hash)\n  \n    extra_events.each(&block)\n  end\n  @output_func = lambda do |event, &block|\n    @logger.debug? && @logger.debug(\"output received\", :event => event.to_hash)\n    @output_stdout_2.handle(event)\n    \n  end", :level=>:debug, :file=>"logstash/pipeline.rb", :line=>"26"}
{:timestamp=>"2014-08-27T17:19:39.556000+0000", :message=>"Using milestone 2 input plugin 'file'. This plugin should be stable, but if you see strange behavior, please let us know! For more information on plugin milestones, see http://logstash.net/docs/1.4.2-modified/plugin-milestones", :level=>:warn, :file=>"logstash/config/mixin.rb", :line=>"209"}
{:timestamp=>"2014-08-27T17:19:39.559000+0000", :message=>"config LogStash::Codecs::Plain/@charset = \"UTF-8\"", :level=>:debug, :file=>"logstash/config/mixin.rb", :line=>"105"}
{:timestamp=>"2014-08-27T17:19:39.561000+0000", :message=>"config LogStash::Inputs::File/@path = [\"/home/vagrant/*.log\"]", :level=>:debug, :file=>"logstash/config/mixin.rb", :line=>"105"}
{:timestamp=>"2014-08-27T17:19:39.564000+0000", :message=>"config LogStash::Inputs::File/@start_position = \"beginning\"", :level=>:debug, :file=>"logstash/config/mixin.rb", :line=>"105"}
{:timestamp=>"2014-08-27T17:19:39.565000+0000", :message=>"config LogStash::Inputs::File/@sincedb_write_interval = 1", :level=>:debug, :file=>"logstash/config/mixin.rb", :line=>"105"}
{:timestamp=>"2014-08-27T17:19:39.566000+0000", :message=>"config LogStash::Inputs::File/@debug = false", :level=>:debug, :file=>"logstash/config/mixin.rb", :line=>"105"}
{:timestamp=>"2014-08-27T17:19:39.567000+0000", :message=>"config LogStash::Inputs::File/@codec = <LogStash::Codecs::Plain charset=>\"UTF-8\">", :level=>:debug, :file=>"logstash/config/mixin.rb", :line=>"105"}
{:timestamp=>"2014-08-27T17:19:39.568000+0000", :message=>"config LogStash::Inputs::File/@add_field = {}", :level=>:debug, :file=>"logstash/config/mixin.rb", :line=>"105"}
{:timestamp=>"2014-08-27T17:19:39.568000+0000", :message=>"config LogStash::Inputs::File/@stat_interval = 1", :level=>:debug, :file=>"logstash/config/mixin.rb", :line=>"105"}
{:timestamp=>"2014-08-27T17:19:39.569000+0000", :message=>"config LogStash::Inputs::File/@discover_interval = 15", :level=>:debug, :file=>"logstash/config/mixin.rb", :line=>"105"}
{:timestamp=>"2014-08-27T17:19:39.598000+0000", :message=>"config LogStash::Outputs::Stdout/@codec = <LogStash::Codecs::RubyDebug >", :level=>:debug, :file=>"logstash/config/mixin.rb", :line=>"105"}
{:timestamp=>"2014-08-27T17:19:39.600000+0000", :message=>"config LogStash::Outputs::Stdout/@type = \"\"", :level=>:debug, :file=>"logstash/config/mixin.rb", :line=>"105"}
{:timestamp=>"2014-08-27T17:19:39.601000+0000", :message=>"config LogStash::Outputs::Stdout/@tags = []", :level=>:debug, :file=>"logstash/config/mixin.rb", :line=>"105"}
{:timestamp=>"2014-08-27T17:19:39.601000+0000", :message=>"config LogStash::Outputs::Stdout/@exclude_tags = []", :level=>:debug, :file=>"logstash/config/mixin.rb", :line=>"105"}
{:timestamp=>"2014-08-27T17:19:39.602000+0000", :message=>"config LogStash::Outputs::Stdout/@workers = 1", :level=>:debug, :file=>"logstash/config/mixin.rb", :line=>"105"}
{:timestamp=>"2014-08-27T17:19:41.028000+0000", :message=>"Registering file input", :path=>["/home/vagrant/*.log"], :level=>:info, :file=>"logstash/inputs/file.rb", :line=>"74"}
{:timestamp=>"2014-08-27T17:19:41.029000+0000", :message=>"No sincedb_path set, generating one based on the file path", :sincedb_path=>"/var/lib/logstash/.sincedb_655059c313b12835918048446c7c94d7", :path=>["/home/vagrant/*.log"], :level=>:info, :file=>"logstash/inputs/file.rb", :line=>"115"}
{:timestamp=>"2014-08-27T17:19:41.031000+0000", :message=>"Pipeline started", :level=>:info, :file=>"logstash/pipeline.rb", :line=>"78"}
{:timestamp=>"2014-08-27T17:19:41.034000+0000", :message=>"_sincedb_open: /var/lib/logstash/.sincedb_655059c313b12835918048446c7c94d7: No such file or directory - /var/lib/logstash/.sincedb_655059c313b12835918048446c7c94d7", :level=>:debug, :file=>"filewatch/tail.rb", :line=>"195"}
{:timestamp=>"2014-08-27T17:19:41.035000+0000", :message=>"_discover_file_glob: /home/vagrant/*.log: glob is: [\"/home/vagrant/log1.log\", \"/home/vagrant/log4.log\", \"/home/vagrant/log5.log\", \"/home/vagrant/log2.log\", \"/home/vagrant/log3.log\"]", :level=>:debug, :file=>"filewatch/watch.rb", :line=>"117"}
{:timestamp=>"2014-08-27T17:19:41.036000+0000", :message=>"_discover_file: /home/vagrant/*.log: new: /home/vagrant/log1.log (exclude is [])", :level=>:debug, :file=>"filewatch/watch.rb", :line=>"126"}
{:timestamp=>"2014-08-27T17:19:41.036000+0000", :message=>"_discover_file: /home/vagrant/*.log: new: /home/vagrant/log4.log (exclude is [])", :level=>:debug, :file=>"filewatch/watch.rb", :line=>"126"}
{:timestamp=>"2014-08-27T17:19:41.038000+0000", :message=>"_discover_file: /home/vagrant/*.log: new: /home/vagrant/log5.log (exclude is [])", :level=>:debug, :file=>"filewatch/watch.rb", :line=>"126"}
{:timestamp=>"2014-08-27T17:19:41.039000+0000", :message=>"_discover_file: /home/vagrant/*.log: new: /home/vagrant/log2.log (exclude is [])", :level=>:debug, :file=>"filewatch/watch.rb", :line=>"126"}
{:timestamp=>"2014-08-27T17:19:41.039000+0000", :message=>"_discover_file: /home/vagrant/*.log: new: /home/vagrant/log3.log (exclude is [])", :level=>:debug, :file=>"filewatch/watch.rb", :line=>"126"}
{:timestamp=>"2014-08-27T17:19:41.044000+0000", :message=>"_open_file: /home/vagrant/log1.log: opening", :level=>:debug, :file=>"filewatch/tail.rb", :line=>"98"}
{:timestamp=>"2014-08-27T17:19:41.044000+0000", :message=>"/home/vagrant/log1.log: initial create, no sincedb, seeking to beginning of file", :level=>:debug, :file=>"filewatch/tail.rb", :line=>"133"}
{:timestamp=>"2014-08-27T17:19:41.047000+0000", :message=>"Received line", :path=>"/home/vagrant/log1.log", :text=>"mymessage1", :level=>:debug, :file=>"logstash/inputs/file.rb", :line=>"134"}
{:timestamp=>"2014-08-27T17:19:41.049000+0000", :message=>"output received", :event=>{"message"=>"mymessage1", "@version"=>"1", "@timestamp"=>"2014-08-27T17:19:41.048Z", "host"=>"precise32", "path"=>"/home/vagrant/log1.log"}, :level=>:debug, :file=>"(eval)", :line=>"18"}
{:timestamp=>"2014-08-27T17:19:41.049000+0000", :message=>"writing sincedb (delta since last write = 1409159981)", :level=>:debug, :file=>"filewatch/tail.rb", :line=>"177"}
{:timestamp=>"2014-08-27T17:19:41.061000+0000", :message=>"_open_file: /home/vagrant/log4.log: opening", :level=>:debug, :file=>"filewatch/tail.rb", :line=>"98"}
{:timestamp=>"2014-08-27T17:19:41.061000+0000", :message=>"/home/vagrant/log4.log: initial create, no sincedb, seeking to beginning of file", :level=>:debug, :file=>"filewatch/tail.rb", :line=>"133"}
{:timestamp=>"2014-08-27T17:19:41.062000+0000", :message=>"Received line", :path=>"/home/vagrant/log4.log", :text=>"mymessage4", :level=>:debug, :file=>"logstash/inputs/file.rb", :line=>"134"}
{:timestamp=>"2014-08-27T17:19:41.063000+0000", :message=>"_open_file: /home/vagrant/log5.log: opening", :level=>:debug, :file=>"filewatch/tail.rb", :line=>"98"}
{:timestamp=>"2014-08-27T17:19:41.063000+0000", :message=>"/home/vagrant/log5.log: initial create, no sincedb, seeking to beginning of file", :level=>:debug, :file=>"filewatch/tail.rb", :line=>"133"}
{:timestamp=>"2014-08-27T17:19:41.069000+0000", :message=>"output received", :event=>{"message"=>"mymessage4", "@version"=>"1", "@timestamp"=>"2014-08-27T17:19:41.062Z", "host"=>"precise32", "path"=>"/home/vagrant/log4.log"}, :level=>:debug, :file=>"(eval)", :line=>"18"}
{:timestamp=>"2014-08-27T17:19:41.079000+0000", :message=>"Received line", :path=>"/home/vagrant/log5.log", :text=>"mymessage5", :level=>:debug, :file=>"logstash/inputs/file.rb", :line=>"134"}
{:timestamp=>"2014-08-27T17:19:41.082000+0000", :message=>"_open_file: /home/vagrant/log2.log: opening", :level=>:debug, :file=>"filewatch/tail.rb", :line=>"98"}
{:timestamp=>"2014-08-27T17:19:41.083000+0000", :message=>"/home/vagrant/log2.log: initial create, no sincedb, seeking to beginning of file", :level=>:debug, :file=>"filewatch/tail.rb", :line=>"133"}
{:timestamp=>"2014-08-27T17:19:41.084000+0000", :message=>"Received line", :path=>"/home/vagrant/log2.log", :text=>"mymessage2", :level=>:debug, :file=>"logstash/inputs/file.rb", :line=>"134"}
{:timestamp=>"2014-08-27T17:19:41.088000+0000", :message=>"output received", :event=>{"message"=>"mymessage5", "@version"=>"1", "@timestamp"=>"2014-08-27T17:19:41.082Z", "host"=>"precise32", "path"=>"/home/vagrant/log5.log"}, :level=>:debug, :file=>"(eval)", :line=>"18"}
{:timestamp=>"2014-08-27T17:19:41.085000+0000", :message=>"_open_file: /home/vagrant/log3.log: opening", :level=>:debug, :file=>"filewatch/tail.rb", :line=>"98"}
{:timestamp=>"2014-08-27T17:19:41.092000+0000", :message=>"/home/vagrant/log3.log: initial create, no sincedb, seeking to beginning of file", :level=>:debug, :file=>"filewatch/tail.rb", :line=>"133"}
{:timestamp=>"2014-08-27T17:19:41.092000+0000", :message=>"Received line", :path=>"/home/vagrant/log3.log", :text=>"mymessage3", :level=>:debug, :file=>"logstash/inputs/file.rb", :line=>"134"}
{:timestamp=>"2014-08-27T17:19:41.094000+0000", :message=>"/home/vagrant/log1.log: file grew, old size 0, new size 11", :level=>:debug, :file=>"filewatch/watch.rb", :line=>"81"}
{:timestamp=>"2014-08-27T17:19:41.094000+0000", :message=>"/home/vagrant/log4.log: file grew, old size 0, new size 11", :level=>:debug, :file=>"filewatch/watch.rb", :line=>"81"}
{:timestamp=>"2014-08-27T17:19:41.093000+0000", :message=>"output received", :event=>{"message"=>"mymessage2", "@version"=>"1", "@timestamp"=>"2014-08-27T17:19:41.084Z", "host"=>"precise32", "path"=>"/home/vagrant/log2.log"}, :level=>:debug, :file=>"(eval)", :line=>"18"}
{:timestamp=>"2014-08-27T17:19:41.097000+0000", :message=>"output received", :event=>{"message"=>"mymessage3", "@version"=>"1", "@timestamp"=>"2014-08-27T17:19:41.093Z", "host"=>"precise32", "path"=>"/home/vagrant/log3.log"}, :level=>:debug, :file=>"(eval)", :line=>"18"}
{:timestamp=>"2014-08-27T17:19:41.100000+0000", :message=>"/home/vagrant/log5.log: file grew, old size 0, new size 11", :level=>:debug, :file=>"filewatch/watch.rb", :line=>"81"}
{:timestamp=>"2014-08-27T17:19:41.112000+0000", :message=>"/home/vagrant/log2.log: file grew, old size 0, new size 11", :level=>:debug, :file=>"filewatch/watch.rb", :line=>"81"}
{:timestamp=>"2014-08-27T17:19:41.113000+0000", :message=>"/home/vagrant/log3.log: file grew, old size 0, new size 11", :level=>:debug, :file=>"filewatch/watch.rb", :line=>"81"}
{:timestamp=>"2014-08-27T17:19:55.186000+0000", :message=>"_discover_file_glob: /home/vagrant/*.log: glob is: [\"/home/vagrant/log1.log\", \"/home/vagrant/log4.log\", \"/home/vagrant/log5.log\", \"/home/vagrant/log2.log\", \"/home/vagrant/log3.log\"]", :level=>:debug, :file=>"filewatch/watch.rb", :line=>"117"}
{:timestamp=>"2014-08-27T17:20:10.276000+0000", :message=>"_discover_file_glob: /home/vagrant/*.log: glob is: [\"/home/vagrant/log1.log\", \"/home/vagrant/log4.log\", \"/home/vagrant/log5.log\", \"/home/vagrant/log2.log\", \"/home/vagrant/log3.log\"]", :level=>:debug, :file=>"filewatch/watch.rb", :line=>"117"}
{:timestamp=>"2014-08-27T17:20:25.360000+0000", :message=>"_discover_file_glob: /home/vagrant/*.log: glob is: [\"/home/vagrant/log1.log\", \"/home/vagrant/log4.log\", \"/home/vagrant/log5.log\", \"/home/vagrant/log2.log\", \"/home/vagrant/log3.log\"]", :level=>:debug, :file=>"filewatch/watch.rb", :line=>"117"}
{:timestamp=>"2014-08-27T17:20:40.433000+0000", :message=>"_discover_file_glob: /home/vagrant/*.log: glob is: [\"/home/vagrant/log1.log\", \"/home/vagrant/log4.log\", \"/home/vagrant/log5.log\", \"/home/vagrant/log2.log\", \"/home/vagrant/log3.log\"]", :level=>:debug, :file=>"filewatch/watch.rb", :line=>"117"}
{:timestamp=>"2014-08-27T17:20:55.511000+0000", :message=>"_discover_file_glob: /home/vagrant/*.log: glob is: [\"/home/vagrant/log1.log\", \"/home/vagrant/log4.log\", \"/home/vagrant/log5.log\", \"/home/vagrant/log2.log\", \"/home/vagrant/log3.log\"]", :level=>:debug, :file=>"filewatch/watch.rb", :line=>"117"}
{:timestamp=>"2014-08-27T17:21:10.578000+0000", :message=>"_discover_file_glob: /home/vagrant/*.log: glob is: [\"/home/vagrant/log1.log\", \"/home/vagrant/log4.log\", \"/home/vagrant/log5.log\", \"/home/vagrant/log2.log\", \"/home/vagrant/log3.log\"]", :level=>:debug, :file=>"filewatch/watch.rb", :line=>"117"}
{:timestamp=>"2014-08-27T17:21:30.633000+0000", :message=>"_discover_file_glob: /home/vagrant/*.log: glob is: [\"/home/vagrant/log1.log\", \"/home/vagrant/log4.log\", \"/home/vagrant/log5.log\", \"/home/vagrant/log2.log\", \"/home/vagrant/log3.log\"]", :level=>:debug, :file=>"filewatch/watch.rb", :line=>"117"}
{:timestamp=>"2014-08-27T17:21:45.708000+0000", :message=>"_discover_file_glob: /home/vagrant/*.log: glob is: [\"/home/vagrant/log1.log\", \"/home/vagrant/log4.log\", \"/home/vagrant/log5.log\", \"/home/vagrant/log2.log\", \"/home/vagrant/log3.log\"]", :level=>:debug, :file=>"filewatch/watch.rb", :line=>"117"}
{:timestamp=>"2014-08-27T17:22:00.784000+0000", :message=>"_discover_file_glob: /home/vagrant/*.log: glob is: [\"/home/vagrant/log1.log\", \"/home/vagrant/log4.log\", \"/home/vagrant/log5.log\", \"/home/vagrant/log2.log\", \"/home/vagrant/log3.log\"]", :level=>:debug, :file=>"filewatch/watch.rb", :line=>"117"}
{:timestamp=>"2014-08-27T17:22:15.867000+0000", :message=>"_discover_file_glob: /home/vagrant/*.log: glob is: [\"/home/vagrant/log1.log\", \"/home/vagrant/log4.log\", \"/home/vagrant/log5.log\", \"/home/vagrant/log2.log\", \"/home/vagrant/log3.log\"]", :level=>:debug, :file=>"filewatch/watch.rb", :line=>"117"}
{:timestamp=>"2014-08-27T17:22:30.938000+0000", :message=>"_discover_file_glob: /home/vagrant/*.log: glob is: [\"/home/vagrant/log1.log\", \"/home/vagrant/log4.log\", \"/home/vagrant/log5.log\", \"/home/vagrant/log2.log\", \"/home/vagrant/log3.log\"]", :level=>:debug, :file=>"filewatch/watch.rb", :line=>"117"}
{:timestamp=>"2014-08-27T17:22:46.014000+0000", :message=>"_discover_file_glob: /home/vagrant/*.log: glob is: [\"/home/vagrant/log1.log\", \"/home/vagrant/log4.log\", \"/home/vagrant/log5.log\", \"/home/vagrant/log2.log\", \"/home/vagrant/log3.log\"]", :level=>:debug, :file=>"filewatch/watch.rb", :line=>"117"}
{:timestamp=>"2014-08-27T17:23:01.085000+0000", :message=>"_discover_file_glob: /home/vagrant/*.log: glob is: [\"/home/vagrant/log1.log\", \"/home/vagrant/log4.log\", \"/home/vagrant/log5.log\", \"/home/vagrant/log2.log\", \"/home/vagrant/log3.log\"]", :level=>:debug, :file=>"filewatch/watch.rb", :line=>"117"}
{:timestamp=>"2014-08-27T17:23:16.152000+0000", :message=>"_discover_file_glob: /home/vagrant/*.log: glob is: [\"/home/vagrant/log1.log\", \"/home/vagrant/log4.log\", \"/home/vagrant/log5.log\", \"/home/vagrant/log2.log\", \"/home/vagrant/log3.log\"]", :level=>:debug, :file=>"filewatch/watch.rb", :line=>"117"}
{:timestamp=>"2014-08-27T17:23:31.220000+0000", :message=>"_discover_file_glob: /home/vagrant/*.log: glob is: [\"/home/vagrant/log1.log\", \"/home/vagrant/log4.log\", \"/home/vagrant/log5.log\", \"/home/vagrant/log2.log\", \"/home/vagrant/log3.log\"]", :level=>:debug, :file=>"filewatch/watch.rb", :line=>"117"}
{:timestamp=>"2014-08-27T17:23:46.290000+0000", :message=>"_discover_file_glob: /home/vagrant/*.log: glob is: [\"/home/vagrant/log1.log\", \"/home/vagrant/log4.log\", \"/home/vagrant/log5.log\", \"/home/vagrant/log2.log\", \"/home/vagrant/log3.log\"]", :level=>:debug, :file=>"filewatch/watch.rb", :line=>"117"}
{:timestamp=>"2014-08-27T17:24:01.367000+0000", :message=>"_discover_file_glob: /home/vagrant/*.log: glob is: [\"/home/vagrant/log1.log\", \"/home/vagrant/log4.log\", \"/home/vagrant/log5.log\", \"/home/vagrant/log2.log\", \"/home/vagrant/log3.log\"]", :level=>:debug, :file=>"filewatch/watch.rb", :line=>"117"}
{:timestamp=>"2014-08-27T17:24:16.445000+0000", :message=>"_discover_file_glob: /home/vagrant/*.log: glob is: [\"/home/vagrant/log1.log\", \"/home/vagrant/log4.log\", \"/home/vagrant/log5.log\", \"/home/vagrant/log2.log\", \"/home/vagrant/log3.log\"]", :level=>:debug, :file=>"filewatch/watch.rb", :line=>"117"}
{:timestamp=>"2014-08-27T17:24:31.520000+0000", :message=>"_discover_file_glob: /home/vagrant/*.log: glob is: [\"/home/vagrant/log1.log\", \"/home/vagrant/log4.log\", \"/home/vagrant/log5.log\", \"/home/vagrant/log2.log\", \"/home/vagrant/log3.log\"]", :level=>:debug, :file=>"filewatch/watch.rb", :line=>"117"}
{:timestamp=>"2014-08-27T17:24:46.592000+0000", :message=>"_discover_file_glob: /home/vagrant/*.log: glob is: [\"/home/vagrant/log1.log\", \"/home/vagrant/log4.log\", \"/home/vagrant/log5.log\", \"/home/vagrant/log2.log\", \"/home/vagrant/log3.log\"]", :level=>:debug, :file=>"filewatch/watch.rb", :line=>"117"}
{:timestamp=>"2014-08-27T17:25:01.663000+0000", :message=>"_discover_file_glob: /home/vagrant/*.log: glob is: [\"/home/vagrant/log1.log\", \"/home/vagrant/log4.log\", \"/home/vagrant/log5.log\", \"/home/vagrant/log2.log\", \"/home/vagrant/log3.log\"]", :level=>:debug, :file=>"filewatch/watch.rb", :line=>"117"}
{:timestamp=>"2014-08-27T17:25:16.739000+0000", :message=>"_discover_file_glob: /home/vagrant/*.log: glob is: [\"/home/vagrant/log1.log\", \"/home/vagrant/log4.log\", \"/home/vagrant/log5.log\", \"/home/vagrant/log2.log\", \"/home/vagrant/log3.log\"]", :level=>:debug, :file=>"filewatch/watch.rb", :line=>"117"}
{:timestamp=>"2014-08-27T17:25:31.807000+0000", :message=>"_discover_file_glob: /home/vagrant/*.log: glob is: [\"/home/vagrant/log1.log\", \"/home/vagrant/log4.log\", \"/home/vagrant/log5.log\", \"/home/vagrant/log2.log\", \"/home/vagrant/log3.log\"]", :level=>:debug, :file=>"filewatch/watch.rb", :line=>"117"}
{:timestamp=>"2014-08-27T17:25:46.877000+0000", :message=>"_discover_file_glob: /home/vagrant/*.log: glob is: [\"/home/vagrant/log1.log\", \"/home/vagrant/log4.log\", \"/home/vagrant/log5.log\", \"/home/vagrant/log2.log\", \"/home/vagrant/log3.log\"]", :level=>:debug, :file=>"filewatch/watch.rb", :line=>"117"}
{:timestamp=>"2014-08-27T17:26:01.948000+0000", :message=>"_discover_file_glob: /home/vagrant/*.log: glob is: [\"/home/vagrant/log1.log\", \"/home/vagrant/log4.log\", \"/home/vagrant/log5.log\", \"/home/vagrant/log2.log\", \"/home/vagrant/log3.log\"]", :level=>:debug, :file=>"filewatch/watch.rb", :line=>"117"}
{:timestamp=>"2014-08-27T17:26:17.023000+0000", :message=>"_discover_file_glob: /home/vagrant/*.log: glob is: [\"/home/vagrant/log1.log\", \"/home/vagrant/log4.log\", \"/home/vagrant/log5.log\", \"/home/vagrant/log2.log\", \"/home/vagrant/log3.log\"]", :level=>:debug, :file=>"filewatch/watch.rb", :line=>"117"}
{:timestamp=>"2014-08-27T17:26:32.091000+0000", :message=>"_discover_file_glob: /home/vagrant/*.log: glob is: [\"/home/vagrant/log1.log\", \"/home/vagrant/log4.log\", \"/home/vagrant/log5.log\", \"/home/vagrant/log2.log\", \"/home/vagrant/log3.log\"]", :level=>:debug, :file=>"filewatch/watch.rb", :line=>"117"}
{:timestamp=>"2014-08-27T17:26:47.155000+0000", :message=>"_discover_file_glob: /home/vagrant/*.log: glob is: [\"/home/vagrant/log1.log\", \"/home/vagrant/log4.log\", \"/home/vagrant/log5.log\", \"/home/vagrant/log2.log\", \"/home/vagrant/log3.log\"]", :level=>:debug, :file=>"filewatch/watch.rb", :line=>"117"}
{:timestamp=>"2014-08-27T17:27:02.225000+0000", :message=>"_discover_file_glob: /home/vagrant/*.log: glob is: [\"/home/vagrant/log1.log\", \"/home/vagrant/log4.log\", \"/home/vagrant/log5.log\", \"/home/vagrant/log2.log\", \"/home/vagrant/log3.log\"]", :level=>:debug, :file=>"filewatch/watch.rb", :line=>"117"}
{:timestamp=>"2014-08-27T17:27:17.294000+0000", :message=>"_discover_file_glob: /home/vagrant/*.log: glob is: [\"/home/vagrant/log1.log\", \"/home/vagrant/log4.log\", \"/home/vagrant/log5.log\", \"/home/vagrant/log2.log\", \"/home/vagrant/log3.log\"]", :level=>:debug, :file=>"filewatch/watch.rb", :line=>"117"}
{:timestamp=>"2014-08-27T17:27:32.368000+0000", :message=>"_discover_file_glob: /home/vagrant/*.log: glob is: [\"/home/vagrant/log1.log\", \"/home/vagrant/log4.log\", \"/home/vagrant/log5.log\", \"/home/vagrant/log2.log\", \"/home/vagrant/log3.log\"]", :level=>:debug, :file=>"filewatch/watch.rb", :line=>"117"}
{:timestamp=>"2014-08-27T17:27:47.431000+0000", :message=>"_discover_file_glob: /home/vagrant/*.log: glob is: [\"/home/vagrant/log1.log\", \"/home/vagrant/log4.log\", \"/home/vagrant/log5.log\", \"/home/vagrant/log2.log\", \"/home/vagrant/log3.log\"]", :level=>:debug, :file=>"filewatch/watch.rb", :line=>"117"}
{:timestamp=>"2014-08-27T17:28:02.511000+0000", :message=>"_discover_file_glob: /home/vagrant/*.log: glob is: [\"/home/vagrant/log1.log\", \"/home/vagrant/log4.log\", \"/home/vagrant/log5.log\", \"/home/vagrant/log2.log\", \"/home/vagrant/log3.log\"]", :level=>:debug, :file=>"filewatch/watch.rb", :line=>"117"}
{:timestamp=>"2014-08-27T17:28:17.582000+0000", :message=>"_discover_file_glob: /home/vagrant/*.log: glob is: [\"/home/vagrant/log1.log\", \"/home/vagrant/log4.log\", \"/home/vagrant/log5.log\", \"/home/vagrant/log2.log\", \"/home/vagrant/log3.log\"]", :level=>:debug, :file=>"filewatch/watch.rb", :line=>"117"}
{:timestamp=>"2014-08-27T17:28:32.652000+0000", :message=>"_discover_file_glob: /home/vagrant/*.log: glob is: [\"/home/vagrant/log1.log\", \"/home/vagrant/log4.log\", \"/home/vagrant/log5.log\", \"/home/vagrant/log2.log\", \"/home/vagrant/log3.log\"]", :level=>:debug, :file=>"filewatch/watch.rb", :line=>"117"}
{:timestamp=>"2014-08-27T17:28:47.720000+0000", :message=>"_discover_file_glob: /home/vagrant/*.log: glob is: [\"/home/vagrant/log1.log\", \"/home/vagrant/log4.log\", \"/home/vagrant/log5.log\", \"/home/vagrant/log2.log\", \"/home/vagrant/log3.log\"]", :level=>:debug, :file=>"filewatch/watch.rb", :line=>"117"}
{:timestamp=>"2014-08-27T17:29:02.788000+0000", :message=>"_discover_file_glob: /home/vagrant/*.log: glob is: [\"/home/vagrant/log1.log\", \"/home/vagrant/log4.log\", \"/home/vagrant/log5.log\", \"/home/vagrant/log2.log\", \"/home/vagrant/log3.log\"]", :level=>:debug, :file=>"filewatch/watch.rb", :line=>"117"}
{:timestamp=>"2014-08-27T17:29:17.860000+0000", :message=>"_discover_file_glob: /home/vagrant/*.log: glob is: [\"/home/vagrant/log1.log\", \"/home/vagrant/log4.log\", \"/home/vagrant/log5.log\", \"/home/vagrant/log2.log\", \"/home/vagrant/log3.log\"]", :level=>:debug, :file=>"filewatch/watch.rb", :line=>"117"}
{:timestamp=>"2014-08-27T17:29:32.934000+0000", :message=>"_discover_file_glob: /home/vagrant/*.log: glob is: [\"/home/vagrant/log1.log\", \"/home/vagrant/log4.log\", \"/home/vagrant/log5.log\", \"/home/vagrant/log2.log\", \"/home/vagrant/log3.log\"]", :level=>:debug, :file=>"filewatch/watch.rb", :line=>"117"}
{:timestamp=>"2014-08-27T17:29:47.998000+0000", :message=>"_discover_file_glob: /home/vagrant/*.log: glob is: [\"/home/vagrant/log1.log\", \"/home/vagrant/log4.log\", \"/home/vagrant/log5.log\", \"/home/vagrant/log2.log\", \"/home/vagrant/log3.log\"]", :level=>:debug, :file=>"filewatch/watch.rb", :line=>"117"}
{:timestamp=>"2014-08-27T17:30:04.662000+0000", :message=>"Reading config file", :file=>"logstash/agent.rb", :level=>:debug, :line=>"301"}
{:timestamp=>"2014-08-27T17:30:04.748000+0000", :message=>"Compiled pipeline code:\n@inputs = []\n@filters = []\n@outputs = []\n@input_file_1 = plugin(\"input\", \"file\", LogStash::Util.hash_merge_many({ \"path\" => (\"/home/vagrant/*.log\".force_encoding(\"UTF-8\")) }, { \"start_position\" => (\"beginning\".force_encoding(\"UTF-8\")) }, { \"sincedb_write_interval\" => 1 }))\n\n@inputs << @input_file_1\n\n@output_stdout_2 = plugin(\"output\", \"stdout\", LogStash::Util.hash_merge_many({ \"codec\" => (\"rubydebug\".force_encoding(\"UTF-8\")) }))\n\n@outputs << @output_stdout_2\n  @filter_func = lambda do |event, &block|\n    extra_events = []\n    @logger.debug? && @logger.debug(\"filter received\", :event => event.to_hash)\n  \n    extra_events.each(&block)\n  end\n  @output_func = lambda do |event, &block|\n    @logger.debug? && @logger.debug(\"output received\", :event => event.to_hash)\n    @output_stdout_2.handle(event)\n    \n  end", :level=>:debug, :file=>"logstash/pipeline.rb", :line=>"26"}
{:timestamp=>"2014-08-27T17:30:04.888000+0000", :message=>"Using milestone 2 input plugin 'file'. This plugin should be stable, but if you see strange behavior, please let us know! For more information on plugin milestones, see http://logstash.net/docs/1.4.2-modified/plugin-milestones", :level=>:warn, :file=>"logstash/config/mixin.rb", :line=>"209"}
{:timestamp=>"2014-08-27T17:30:04.892000+0000", :message=>"config LogStash::Codecs::Plain/@charset = \"UTF-8\"", :level=>:debug, :file=>"logstash/config/mixin.rb", :line=>"105"}
{:timestamp=>"2014-08-27T17:30:04.893000+0000", :message=>"config LogStash::Inputs::File/@path = [\"/home/vagrant/*.log\"]", :level=>:debug, :file=>"logstash/config/mixin.rb", :line=>"105"}
{:timestamp=>"2014-08-27T17:30:04.896000+0000", :message=>"config LogStash::Inputs::File/@start_position = \"beginning\"", :level=>:debug, :file=>"logstash/config/mixin.rb", :line=>"105"}
{:timestamp=>"2014-08-27T17:30:04.896000+0000", :message=>"config LogStash::Inputs::File/@sincedb_write_interval = 1", :level=>:debug, :file=>"logstash/config/mixin.rb", :line=>"105"}
{:timestamp=>"2014-08-27T17:30:04.897000+0000", :message=>"config LogStash::Inputs::File/@debug = false", :level=>:debug, :file=>"logstash/config/mixin.rb", :line=>"105"}
{:timestamp=>"2014-08-27T17:30:04.898000+0000", :message=>"config LogStash::Inputs::File/@codec = <LogStash::Codecs::Plain charset=>\"UTF-8\">", :level=>:debug, :file=>"logstash/config/mixin.rb", :line=>"105"}
{:timestamp=>"2014-08-27T17:30:04.900000+0000", :message=>"config LogStash::Inputs::File/@add_field = {}", :level=>:debug, :file=>"logstash/config/mixin.rb", :line=>"105"}
{:timestamp=>"2014-08-27T17:30:04.901000+0000", :message=>"config LogStash::Inputs::File/@stat_interval = 1", :level=>:debug, :file=>"logstash/config/mixin.rb", :line=>"105"}
{:timestamp=>"2014-08-27T17:30:04.902000+0000", :message=>"config LogStash::Inputs::File/@discover_interval = 15", :level=>:debug, :file=>"logstash/config/mixin.rb", :line=>"105"}
{:timestamp=>"2014-08-27T17:30:04.944000+0000", :message=>"config LogStash::Outputs::Stdout/@codec = <LogStash::Codecs::RubyDebug >", :level=>:debug, :file=>"logstash/config/mixin.rb", :line=>"105"}
{:timestamp=>"2014-08-27T17:30:04.945000+0000", :message=>"config LogStash::Outputs::Stdout/@type = \"\"", :level=>:debug, :file=>"logstash/config/mixin.rb", :line=>"105"}
{:timestamp=>"2014-08-27T17:30:04.946000+0000", :message=>"config LogStash::Outputs::Stdout/@tags = []", :level=>:debug, :file=>"logstash/config/mixin.rb", :line=>"105"}
{:timestamp=>"2014-08-27T17:30:04.947000+0000", :message=>"config LogStash::Outputs::Stdout/@exclude_tags = []", :level=>:debug, :file=>"logstash/config/mixin.rb", :line=>"105"}
{:timestamp=>"2014-08-27T17:30:04.948000+0000", :message=>"config LogStash::Outputs::Stdout/@workers = 1", :level=>:debug, :file=>"logstash/config/mixin.rb", :line=>"105"}
{:timestamp=>"2014-08-27T17:30:06.473000+0000", :message=>"Registering file input", :path=>["/home/vagrant/*.log"], :level=>:info, :file=>"logstash/inputs/file.rb", :line=>"74"}
{:timestamp=>"2014-08-27T17:30:06.474000+0000", :message=>"No sincedb_path set, generating one based on the file path", :sincedb_path=>"/var/lib/logstash/.sincedb_655059c313b12835918048446c7c94d7", :path=>["/home/vagrant/*.log"], :level=>:info, :file=>"logstash/inputs/file.rb", :line=>"115"}
{:timestamp=>"2014-08-27T17:30:06.475000+0000", :message=>"Pipeline started", :level=>:info, :file=>"logstash/pipeline.rb", :line=>"78"}
{:timestamp=>"2014-08-27T17:30:06.477000+0000", :message=>"_sincedb_open: reading from /var/lib/logstash/.sincedb_655059c313b12835918048446c7c94d7", :level=>:debug, :file=>"filewatch/tail.rb", :line=>"199"}
{:timestamp=>"2014-08-27T17:30:06.478000+0000", :message=>"_sincedb_open: setting [524303, 0, 64512] to 11", :level=>:debug, :file=>"filewatch/tail.rb", :line=>"203"}
{:timestamp=>"2014-08-27T17:30:06.479000+0000", :message=>"_discover_file_glob: /home/vagrant/*.log: glob is: [\"/home/vagrant/log1.log\", \"/home/vagrant/log4.log\", \"/home/vagrant/log5.log\", \"/home/vagrant/log2.log\", \"/home/vagrant/log3.log\"]", :level=>:debug, :file=>"filewatch/watch.rb", :line=>"117"}
{:timestamp=>"2014-08-27T17:30:06.480000+0000", :message=>"_discover_file: /home/vagrant/*.log: new: /home/vagrant/log1.log (exclude is [])", :level=>:debug, :file=>"filewatch/watch.rb", :line=>"126"}
{:timestamp=>"2014-08-27T17:30:06.481000+0000", :message=>"_discover_file: /home/vagrant/*.log: new: /home/vagrant/log4.log (exclude is [])", :level=>:debug, :file=>"filewatch/watch.rb", :line=>"126"}
{:timestamp=>"2014-08-27T17:30:06.481000+0000", :message=>"_discover_file: /home/vagrant/*.log: new: /home/vagrant/log5.log (exclude is [])", :level=>:debug, :file=>"filewatch/watch.rb", :line=>"126"}
{:timestamp=>"2014-08-27T17:30:06.482000+0000", :message=>"_discover_file: /home/vagrant/*.log: new: /home/vagrant/log2.log (exclude is [])", :level=>:debug, :file=>"filewatch/watch.rb", :line=>"126"}
{:timestamp=>"2014-08-27T17:30:06.482000+0000", :message=>"_discover_file: /home/vagrant/*.log: new: /home/vagrant/log3.log (exclude is [])", :level=>:debug, :file=>"filewatch/watch.rb", :line=>"126"}
{:timestamp=>"2014-08-27T17:30:06.487000+0000", :message=>"_open_file: /home/vagrant/log1.log: opening", :level=>:debug, :file=>"filewatch/tail.rb", :line=>"98"}
{:timestamp=>"2014-08-27T17:30:06.488000+0000", :message=>"/home/vagrant/log1.log: sincedb last value 11, cur size 11", :level=>:debug, :file=>"filewatch/tail.rb", :line=>"122"}
{:timestamp=>"2014-08-27T17:30:06.489000+0000", :message=>"/home/vagrant/log1.log: sincedb: seeking to 11", :level=>:debug, :file=>"filewatch/tail.rb", :line=>"124"}
{:timestamp=>"2014-08-27T17:30:06.490000+0000", :message=>"writing sincedb (delta since last write = 1409160606)", :level=>:debug, :file=>"filewatch/tail.rb", :line=>"177"}
{:timestamp=>"2014-08-27T17:30:06.491000+0000", :message=>"_open_file: /home/vagrant/log4.log: opening", :level=>:debug, :file=>"filewatch/tail.rb", :line=>"98"}
{:timestamp=>"2014-08-27T17:30:06.492000+0000", :message=>"/home/vagrant/log4.log: initial create, no sincedb, seeking to beginning of file", :level=>:debug, :file=>"filewatch/tail.rb", :line=>"133"}
{:timestamp=>"2014-08-27T17:30:06.492000+0000", :message=>"Received line", :path=>"/home/vagrant/log4.log", :text=>"mymessage4", :level=>:debug, :file=>"logstash/inputs/file.rb", :line=>"134"}
{:timestamp=>"2014-08-27T17:30:06.496000+0000", :message=>"_open_file: /home/vagrant/log5.log: opening", :level=>:debug, :file=>"filewatch/tail.rb", :line=>"98"}
{:timestamp=>"2014-08-27T17:30:06.498000+0000", :message=>"/home/vagrant/log5.log: initial create, no sincedb, seeking to beginning of file", :level=>:debug, :file=>"filewatch/tail.rb", :line=>"133"}
{:timestamp=>"2014-08-27T17:30:06.498000+0000", :message=>"Received line", :path=>"/home/vagrant/log5.log", :text=>"mymessage5", :level=>:debug, :file=>"logstash/inputs/file.rb", :line=>"134"}
{:timestamp=>"2014-08-27T17:30:06.499000+0000", :message=>"output received", :event=>{"message"=>"mymessage4", "@version"=>"1", "@timestamp"=>"2014-08-27T17:30:06.495Z", "host"=>"precise32", "path"=>"/home/vagrant/log4.log"}, :level=>:debug, :file=>"(eval)", :line=>"18"}
{:timestamp=>"2014-08-27T17:30:06.503000+0000", :message=>"_open_file: /home/vagrant/log2.log: opening", :level=>:debug, :file=>"filewatch/tail.rb", :line=>"98"}
{:timestamp=>"2014-08-27T17:30:06.514000+0000", :message=>"/home/vagrant/log2.log: initial create, no sincedb, seeking to beginning of file", :level=>:debug, :file=>"filewatch/tail.rb", :line=>"133"}
{:timestamp=>"2014-08-27T17:30:06.515000+0000", :message=>"Received line", :path=>"/home/vagrant/log2.log", :text=>"mymessage2", :level=>:debug, :file=>"logstash/inputs/file.rb", :line=>"134"}
{:timestamp=>"2014-08-27T17:30:06.516000+0000", :message=>"_open_file: /home/vagrant/log3.log: opening", :level=>:debug, :file=>"filewatch/tail.rb", :line=>"98"}
{:timestamp=>"2014-08-27T17:30:06.520000+0000", :message=>"/home/vagrant/log3.log: initial create, no sincedb, seeking to beginning of file", :level=>:debug, :file=>"filewatch/tail.rb", :line=>"133"}
{:timestamp=>"2014-08-27T17:30:06.520000+0000", :message=>"Received line", :path=>"/home/vagrant/log3.log", :text=>"mymessage3", :level=>:debug, :file=>"logstash/inputs/file.rb", :line=>"134"}
{:timestamp=>"2014-08-27T17:30:06.521000+0000", :message=>"/home/vagrant/log1.log: file grew, old size 0, new size 11", :level=>:debug, :file=>"filewatch/watch.rb", :line=>"81"}
{:timestamp=>"2014-08-27T17:30:06.522000+0000", :message=>"/home/vagrant/log4.log: file grew, old size 0, new size 11", :level=>:debug, :file=>"filewatch/watch.rb", :line=>"81"}
{:timestamp=>"2014-08-27T17:30:06.523000+0000", :message=>"output received", :event=>{"message"=>"mymessage5", "@version"=>"1", "@timestamp"=>"2014-08-27T17:30:06.498Z", "host"=>"precise32", "path"=>"/home/vagrant/log5.log"}, :level=>:debug, :file=>"(eval)", :line=>"18"}
{:timestamp=>"2014-08-27T17:30:06.527000+0000", :message=>"output received", :event=>{"message"=>"mymessage2", "@version"=>"1", "@timestamp"=>"2014-08-27T17:30:06.515Z", "host"=>"precise32", "path"=>"/home/vagrant/log2.log"}, :level=>:debug, :file=>"(eval)", :line=>"18"}
{:timestamp=>"2014-08-27T17:30:06.522000+0000", :message=>"/home/vagrant/log5.log: file grew, old size 0, new size 11", :level=>:debug, :file=>"filewatch/watch.rb", :line=>"81"}
{:timestamp=>"2014-08-27T17:30:06.537000+0000", :message=>"/home/vagrant/log2.log: file grew, old size 0, new size 11", :level=>:debug, :file=>"filewatch/watch.rb", :line=>"81"}
{:timestamp=>"2014-08-27T17:30:06.540000+0000", :message=>"output received", :event=>{"message"=>"mymessage3", "@version"=>"1", "@timestamp"=>"2014-08-27T17:30:06.521Z", "host"=>"precise32", "path"=>"/home/vagrant/log3.log"}, :level=>:debug, :file=>"(eval)", :line=>"18"}
{:timestamp=>"2014-08-27T17:30:06.545000+0000", :message=>"/home/vagrant/log3.log: file grew, old size 0, new size 11", :level=>:debug, :file=>"filewatch/watch.rb", :line=>"81"}
{:timestamp=>"2014-08-27T17:30:20.619000+0000", :message=>"_discover_file_glob: /home/vagrant/*.log: glob is: [\"/home/vagrant/log1.log\", \"/home/vagrant/log4.log\", \"/home/vagrant/log5.log\", \"/home/vagrant/log2.log\", \"/home/vagrant/log3.log\"]", :level=>:debug, :file=>"filewatch/watch.rb", :line=>"117"}
{:timestamp=>"2014-08-27T17:30:35.693000+0000", :message=>"_discover_file_glob: /home/vagrant/*.log: glob is: [\"/home/vagrant/log1.log\", \"/home/vagrant/log4.log\", \"/home/vagrant/log5.log\", \"/home/vagrant/log2.log\", \"/home/vagrant/log3.log\"]", :level=>:debug, :file=>"filewatch/watch.rb", :line=>"117"}
{:timestamp=>"2014-08-27T17:30:50.764000+0000", :message=>"_discover_file_glob: /home/vagrant/*.log: glob is: [\"/home/vagrant/log1.log\", \"/home/vagrant/log4.log\", \"/home/vagrant/log5.log\", \"/home/vagrant/log2.log\", \"/home/vagrant/log3.log\"]", :level=>:debug, :file=>"filewatch/watch.rb", :line=>"117"}
